#
# A fatal error has been detected by the Java Runtime Environment:
#
#  SIGSEGV (0xb) at pc=0x00007fb6df5b6c58, pid=31845, tid=140423623972608
#
# JRE version: 7.0_03-b147
# Java VM: OpenJDK 64-Bit Server VM (22.0-b10 mixed mode linux-amd64 compressed oops)
# Derivative: IcedTea7 2.1.1pre
# Distribution: Ubuntu 12.04 LTS, package 7~u3-2.1.1~pre1-1ubuntu3
# Problematic frame:
# C  [libX11.so.6+0x33c58]  XQueryExtension+0x28
#
# Failed to write core dump. Core dumps have been disabled. To enable core dumping, try "ulimit -c unlimited" before starting Java again
#
# If you would like to submit a bug report, please include
# instructions on how to reproduce the bug and visit:
#   https://bugs.launchpad.net/ubuntu/+source/openjdk-7/
#

---------------  T H R E A D  ---------------

Current thread (0x00007fb6e80a4800):  VMThread [stack: 0x00007fb6ec299000,0x00007fb6ec39a000] [id=31860]

siginfo:si_signo=SIGSEGV: si_errno=0, si_code=1 (SEGV_MAPERR), si_addr=0x000000007000a748

Registers:
RAX=0x00007fb6a00008c0, RBX=0x0000000070009de0, RCX=0x00007fb6ec3985e8, RDX=0x00007fb6ec3985e4
RSP=0x00007fb6ec398580, RBP=0x00007fb6ccf2e932, RSI=0x00007fb6ccf2e932, RDI=0x0000000070009de0
R8 =0x00007fb6ec3985ec, R9 =0x0000000000000000, R10=0x00007fb6f04f6fa8, R11=0x00007fb6f0178ca0
R12=0x0000000000000000, R13=0x00007fb6ccf2e932, R14=0x00007fb6a00008c0, R15=0x0000000000000000
RIP=0x00007fb6df5b6c58, EFLAGS=0x0000000000010202, CSGSFS=0x0000000000000033, ERR=0x0000000000000004
  TRAPNO=0x000000000000000e

Top of Stack: (sp=0x00007fb6ec398580)
0x00007fb6ec398580:   00007fb6f014b790 00007fb6f090f000
0x00007fb6ec398590:   00007fb6efb07070 00007fb6f090e000
0x00007fb6ec3985a0:   00000000ffffffff 0000000070009de0
0x00007fb6ec3985b0:   00007fb6ccf2e932 0000000000000000
0x00007fb6ec3985c0:   00007fb6ccf2e932 00007fb6a00008c0
0x00007fb6ec3985d0:   0000000000000000 00007fb6df5aac55
0x00007fb6ec3985e0:   00007fb6f092b048 00007fb6cd067520
0x00007fb6ec3985f0:   00007fb6cd067520 0000000070009de0
0x00007fb6ec398600:   00007fb67002be70 00007fb6df8c402b
0x00007fb6ec398610:   00007fb6f014b790 000000110000005a
0x00007fb6ec398620:   00007fb6ec3986a0 0000000000000000
0x00007fb6ec398630:   00007fb6ec3986a0 0000000070009de0
0x00007fb6ec398640:   0000000000000000 00007fb6f092b048
0x00007fb6ec398650:   00007fb6cd080d50 00007fb6cced5119
0x00007fb6ec398660:   0000000000000000 000000000000005a
0x00007fb6ec398670:   00007fb6ec3986a0 00007fb6ec3986c0
0x00007fb6ec398680:   0000000000000000 00007fb6f092b048
0x00007fb6ec398690:   00007fb670004460 00007fb6ccecbb42
0x00007fb6ec3986a0:   00007fb6ec398a00 00007fb6ccf2e8b1
0x00007fb6ec3986b0:   000000000000005a 00007fb6f071792d
0x00007fb6ec3986c0:   00007fb6f092c2c8 00007fb6f092c858
0x00007fb6ec3986d0:   00007fb6f09296a8 00007fb6e8009a10
0x00007fb6ec3986e0:   00007fb6e81ceb00 00007fb6e83201d0
0x00007fb6ec3986f0:   00007fb6e831c050 00007fb6e8229fc0
0x00007fb6ec398700:   00007fb6e822ee20 00007fb6e8236530
0x00007fb6ec398710:   00007fb6e8236000 00007fb6e8235ae0
0x00007fb6ec398720:   00007fb6e823aeb0 00007fb6e823a9a0
0x00007fb6ec398730:   00007fb6e823c200 00007fb6e823a4a0
0x00007fb6ec398740:   00007fb6e82355b0 00007fb6e8238fd0
0x00007fb6ec398750:   00007fb6e823bb70 00007fb6e8239a00
0x00007fb6ec398760:   00007fb6e82394e0 00007fb6e8239f10
0x00007fb6ec398770:   00007fb6e822e3f0 00007fb6e822bfb0 

Instructions: (pc=0x00007fb6df5b6c58)
0x00007fb6df5b6c38:   24 d8 48 89 fb 4c 89 64 24 e0 4c 89 6c 24 e8 48
0x00007fb6df5b6c48:   89 f5 4c 89 74 24 f0 4c 89 7c 24 f8 48 83 ec 58
0x00007fb6df5b6c58:   48 8b 87 68 09 00 00 49 89 d4 49 89 cd 4d 89 c6
0x00007fb6df5b6c68:   48 85 c0 74 02 ff 10 ba 08 00 00 00 be 62 00 00 

Register to memory mapping:

RAX=0x00007fb6a00008c0 is an unknown value
RBX=0x0000000070009de0 is an unknown value
RCX=0x00007fb6ec3985e8 is an unknown value
RDX=0x00007fb6ec3985e4 is an unknown value
RSP=0x00007fb6ec398580 is an unknown value
RBP=0x00007fb6ccf2e932: <offset 0x96932> in /usr/lib/fglrx/libGL.so.1 at 0x00007fb6cce98000
RSI=0x00007fb6ccf2e932: <offset 0x96932> in /usr/lib/fglrx/libGL.so.1 at 0x00007fb6cce98000
RDI=0x0000000070009de0 is an unknown value
R8 =0x00007fb6ec3985ec is an unknown value
R9 =0x0000000000000000 is an unknown value
R10=0x00007fb6f04f6fa8: <offset 0x3b9fa8> in /lib/x86_64-linux-gnu/libc.so.6 at 0x00007fb6f013d000
R11=0x00007fb6f0178ca0: __cxa_finalize+0 in /lib/x86_64-linux-gnu/libc.so.6 at 0x00007fb6f013d000
R12=0x0000000000000000 is an unknown value
R13=0x00007fb6ccf2e932: <offset 0x96932> in /usr/lib/fglrx/libGL.so.1 at 0x00007fb6cce98000
R14=0x00007fb6a00008c0 is an unknown value
R15=0x0000000000000000 is an unknown value


Stack: [0x00007fb6ec299000,0x00007fb6ec39a000],  sp=0x00007fb6ec398580,  free space=1021k
Native frames: (J=compiled Java code, j=interpreted, Vv=VM code, C=native code)
C  [libX11.so.6+0x33c58]  XQueryExtension+0x28

VM_Operation (0x00007fb6cd1a03a0): Exit, mode: safepoint, requested by thread 0x00007fb6e83c7000


---------------  P R O C E S S  ---------------

Java Threads: ( => current thread )
  0x00007fb67001b000 JavaThread "process reaper" daemon [_thread_blocked, id=31876, stack(0x00007fb6ec043000,0x00007fb6ec05d000)]
  0x00007fb6e8005800 JavaThread "DestroyJavaVM" [_thread_blocked, id=31851, stack(0x00007fb6f080a000,0x00007fb6f090b000)]
  0x00007fb6e83c7000 JavaThread "LWJGL Application" [_thread_blocked, id=31874, stack(0x00007fb6cd0a1000,0x00007fb6cd1a2000)]
  0x00007fb6e831a800 JavaThread "AWT-XAWT" daemon [_thread_blocked, id=31870, stack(0x00007fb6dc0a9000,0x00007fb6dc1aa000)]
  0x00007fb6e82de800 JavaThread "Java2D Disposer" daemon [_thread_blocked, id=31869, stack(0x00007fb6e4092000,0x00007fb6e4193000)]
  0x00007fb6e810d000 JavaThread "Service Thread" daemon [_thread_blocked, id=31866, stack(0x00007fb6e4519000,0x00007fb6e461a000)]
  0x00007fb6e810b000 JavaThread "C2 CompilerThread1" daemon [_thread_blocked, id=31865, stack(0x00007fb6e461a000,0x00007fb6e471b000)]
  0x00007fb6e8108000 JavaThread "C2 CompilerThread0" daemon [_thread_blocked, id=31864, stack(0x00007fb6e471b000,0x00007fb6e481c000)]
  0x00007fb6e8106000 JavaThread "Signal Dispatcher" daemon [_thread_blocked, id=31863, stack(0x00007fb6e481c000,0x00007fb6e491d000)]
  0x00007fb6e80af000 JavaThread "Finalizer" daemon [_thread_blocked, id=31862, stack(0x00007fb6ec097000,0x00007fb6ec198000)]
  0x00007fb6e80ad000 JavaThread "Reference Handler" daemon [_thread_blocked, id=31861, stack(0x00007fb6ec198000,0x00007fb6ec299000)]

Other Threads:
=>0x00007fb6e80a4800 VMThread [stack: 0x00007fb6ec299000,0x00007fb6ec39a000] [id=31860]

VM state:at safepoint (shutting down)

VM Mutex/Monitor currently owned by a thread:  ([mutex/lock_event])
[0x00007fb6e8004340] Threads_lock - owner thread: 0x00007fb6e80a4800

Heap
 PSYoungGen      total 37120K, used 13370K [0x00000007d6a00000, 0x00000007d9360000, 0x0000000800000000)
  eden space 31872K, 25% used [0x00000007d6a00000,0x00000007d71efa78,0x00000007d8920000)
  from space 5248K, 99% used [0x00000007d8920000,0x00000007d8e3eee8,0x00000007d8e40000)
  to   space 5248K, 0% used [0x00000007d8e40000,0x00000007d8e40000,0x00000007d9360000)
 PSOldGen        total 84736K, used 184K [0x0000000783e00000, 0x00000007890c0000, 0x00000007d6a00000)
  object space 84736K, 0% used [0x0000000783e00000,0x0000000783e2e370,0x00000007890c0000)
 PSPermGen       total 21248K, used 9686K [0x0000000779800000, 0x000000077acc0000, 0x0000000783e00000)
  object space 21248K, 45% used [0x0000000779800000,0x000000077a1758d0,0x000000077acc0000)

Code Cache  [0x00007fb6e5000000, 0x00007fb6e5270000, 0x00007fb6e8000000)
 total_blobs=594 nmethods=96 adapters=452 free_code_cache=48296Kb largest_free_block=49423744

Dynamic libraries:
00400000-00401000 r-xp 00000000 08:05 151627                             /usr/lib/jvm/java-7-openjdk-amd64/jre/bin/java
00600000-00601000 r--p 00000000 08:05 151627                             /usr/lib/jvm/java-7-openjdk-amd64/jre/bin/java
00601000-00602000 rw-p 00001000 08:05 151627                             /usr/lib/jvm/java-7-openjdk-amd64/jre/bin/java
01eb9000-01eda000 rw-p 00000000 00:00 0                                  [heap]
779800000-77acc0000 rw-p 00000000 00:00 0 
77acc0000-783e00000 rw-p 00000000 00:00 0 
783e00000-7890c0000 rw-p 00000000 00:00 0 
7890c0000-7d6a00000 rw-p 00000000 00:00 0 
7d6a00000-7d9360000 rw-p 00000000 00:00 0 
7d9360000-800000000 rw-p 00000000 00:00 0 
7fb65c000000-7fb65c0ab000 rw-p 00000000 00:00 0 
7fb65c0ab000-7fb660000000 ---p 00000000 00:00 0 
7fb664000000-7fb664021000 rw-p 00000000 00:00 0 
7fb664021000-7fb668000000 ---p 00000000 00:00 0 
7fb668000000-7fb6680b1000 rw-p 00000000 00:00 0 
7fb6680b1000-7fb66c000000 ---p 00000000 00:00 0 
7fb66c000000-7fb66c021000 rw-p 00000000 00:00 0 
7fb66c021000-7fb670000000 ---p 00000000 00:00 0 
7fb670000000-7fb6736ab000 rw-p 00000000 00:00 0 
7fb6736ab000-7fb674000000 ---p 00000000 00:00 0 
7fb674000000-7fb674021000 rw-p 00000000 00:00 0 
7fb674021000-7fb678000000 ---p 00000000 00:00 0 
7fb680000000-7fb680021000 rw-p 00000000 00:00 0 
7fb680021000-7fb684000000 ---p 00000000 00:00 0 
7fb684000000-7fb684021000 rw-p 00000000 00:00 0 
7fb684021000-7fb688000000 ---p 00000000 00:00 0 
7fb688000000-7fb688021000 rw-p 00000000 00:00 0 
7fb688021000-7fb68c000000 ---p 00000000 00:00 0 
7fb68c000000-7fb68c021000 rw-p 00000000 00:00 0 
7fb68c021000-7fb690000000 ---p 00000000 00:00 0 
7fb690000000-7fb690832000 rw-p 00000000 00:00 0 
7fb690832000-7fb694000000 ---p 00000000 00:00 0 
7fb694000000-7fb694b0d000 rw-p 00000000 00:00 0 
7fb694b0d000-7fb698000000 ---p 00000000 00:00 0 
7fb698000000-7fb698021000 rw-p 00000000 00:00 0 
7fb698021000-7fb69c000000 ---p 00000000 00:00 0 
7fb69c000000-7fb69c021000 rw-p 00000000 00:00 0 
7fb69c021000-7fb6a0000000 ---p 00000000 00:00 0 
7fb6a0000000-7fb6a0021000 rw-p 00000000 00:00 0 
7fb6a0021000-7fb6a4000000 ---p 00000000 00:00 0 
7fb6a4000000-7fb6a4021000 rw-p 00000000 00:00 0 
7fb6a4021000-7fb6a8000000 ---p 00000000 00:00 0 
7fb6a8000000-7fb6a8021000 rw-p 00000000 00:00 0 
7fb6a8021000-7fb6ac000000 ---p 00000000 00:00 0 
7fb6b0000000-7fb6b0021000 rw-p 00000000 00:00 0 
7fb6b0021000-7fb6b4000000 ---p 00000000 00:00 0 
7fb6b8000000-7fb6b8021000 rw-p 00000000 00:00 0 
7fb6b8021000-7fb6bc000000 ---p 00000000 00:00 0 
7fb6c0000000-7fb6c0021000 rw-p 00000000 00:00 0 
7fb6c0021000-7fb6c4000000 ---p 00000000 00:00 0 
7fb6c4d30000-7fb6c4d31000 ---p 00000000 00:00 0 
7fb6c4d31000-7fb6c5531000 rw-p 00000000 00:00 0 
7fb6c5531000-7fb6c5532000 ---p 00000000 00:00 0 
7fb6c5532000-7fb6c5d32000 rw-p 00000000 00:00 0 
7fb6c5d32000-7fb6c7c8c000 r-xp 00000000 08:05 933857                     /usr/lib/fglrx/dri/fglrx_dri.so
7fb6c7c8c000-7fb6c7d8c000 ---p 01f5a000 08:05 933857                     /usr/lib/fglrx/dri/fglrx_dri.so
7fb6c7d8c000-7fb6c7eda000 rwxp 01f5a000 08:05 933857                     /usr/lib/fglrx/dri/fglrx_dri.so
7fb6c7eda000-7fb6c8000000 rwxp 00000000 00:00 0 
7fb6c8000000-7fb6c8021000 rw-p 00000000 00:00 0 
7fb6c8021000-7fb6cc000000 ---p 00000000 00:00 0 
7fb6cc4ba000-7fb6ccbba000 rw-s 00006000 00:05 13470                      /dev/ati/card0
7fb6ccbba000-7fb6ccc3a000 rw-p 00000000 00:00 0 
7fb6ccc3a000-7fb6ccc75000 r-xp 00000000 08:05 933853                     /usr/lib/fglrx/libatiadlxx.so
7fb6ccc75000-7fb6ccd75000 ---p 0003b000 08:05 933853                     /usr/lib/fglrx/libatiadlxx.so
7fb6ccd75000-7fb6ccd7e000 rw-p 0003b000 08:05 933853                     /usr/lib/fglrx/libatiadlxx.so
7fb6ccd7e000-7fb6ccd8f000 rw-p 00000000 00:00 0 
7fb6ccd8f000-7fb6ccd96000 r-xp 00000000 08:05 933866                     /usr/lib/fglrx/libatiuki.so.1.0
7fb6ccd96000-7fb6cce96000 ---p 00007000 08:05 933866                     /usr/lib/fglrx/libatiuki.so.1.0
7fb6cce96000-7fb6cce97000 rw-p 00007000 08:05 933866                     /usr/lib/fglrx/libatiuki.so.1.0
7fb6cce97000-7fb6cce98000 rw-p 00000000 00:00 0 
7fb6cce98000-7fb6ccf5b000 r-xp 00000000 08:05 933873                     /usr/lib/fglrx/libGL.so.1.2
7fb6ccf5b000-7fb6cd05a000 ---p 000c3000 08:05 933873                     /usr/lib/fglrx/libGL.so.1.2
7fb6cd05a000-7fb6cd081000 rwxp 000c2000 08:05 933873                     /usr/lib/fglrx/libGL.so.1.2
7fb6cd081000-7fb6cd0a1000 rwxp 00000000 00:00 0 
7fb6cd0a1000-7fb6cd0a4000 ---p 00000000 00:00 0 
7fb6cd0a4000-7fb6cd1a2000 rw-p 00000000 00:00 0 
7fb6cd1a2000-7fb6cd1a5000 ---p 00000000 00:00 0 
7fb6cd1a5000-7fb6cd2a3000 rw-p 00000000 00:00 0 
7fb6cd2a3000-7fb6cd2a4000 ---p 00000000 00:00 0 
7fb6cd2a4000-7fb6cdaa4000 rw-p 00000000 00:00 0 
7fb6cdaa4000-7fb6cdaaa000 r-xp 00000000 08:05 9590                       /usr/lib/x86_64-linux-gnu/libogg.so.0.7.1
7fb6cdaaa000-7fb6cdca9000 ---p 00006000 08:05 9590                       /usr/lib/x86_64-linux-gnu/libogg.so.0.7.1
7fb6cdca9000-7fb6cdcaa000 r--p 00005000 08:05 9590                       /usr/lib/x86_64-linux-gnu/libogg.so.0.7.1
7fb6cdcaa000-7fb6cdcab000 rw-p 00006000 08:05 9590                       /usr/lib/x86_64-linux-gnu/libogg.so.0.7.1
7fb6cdcab000-7fb6cdcd6000 r-xp 00000000 08:05 9748                       /usr/lib/x86_64-linux-gnu/libvorbis.so.0.4.5
7fb6cdcd6000-7fb6cded5000 ---p 0002b000 08:05 9748                       /usr/lib/x86_64-linux-gnu/libvorbis.so.0.4.5
7fb6cded5000-7fb6cded6000 r--p 0002a000 08:05 9748                       /usr/lib/x86_64-linux-gnu/libvorbis.so.0.4.5
7fb6cded6000-7fb6cded7000 rw-p 0002b000 08:05 9748                       /usr/lib/x86_64-linux-gnu/libvorbis.so.0.4.5
7fb6cded7000-7fb6ce18a000 r-xp 00000000 08:05 9750                       /usr/lib/x86_64-linux-gnu/libvorbisenc.so.2.0.8
7fb6ce18a000-7fb6ce389000 ---p 002b3000 08:05 9750                       /usr/lib/x86_64-linux-gnu/libvorbisenc.so.2.0.8
7fb6ce389000-7fb6ce3a5000 r--p 002b2000 08:05 9750                       /usr/lib/x86_64-linux-gnu/libvorbisenc.so.2.0.8
7fb6ce3a5000-7fb6ce3a6000 rw-p 002ce000 08:05 9750                       /usr/lib/x86_64-linux-gnu/libvorbisenc.so.2.0.8
7fb6ce3a6000-7fb6ce3ee000 r-xp 00000000 08:05 9123                       /usr/lib/x86_64-linux-gnu/libFLAC.so.8.2.0
7fb6ce3ee000-7fb6ce5ee000 ---p 00048000 08:05 9123                       /usr/lib/x86_64-linux-gnu/libFLAC.so.8.2.0
7fb6ce5ee000-7fb6ce5ef000 r--p 00048000 08:05 9123                       /usr/lib/x86_64-linux-gnu/libFLAC.so.8.2.0
7fb6ce5ef000-7fb6ce5f0000 rw-p 00049000 08:05 9123                       /usr/lib/x86_64-linux-gnu/libFLAC.so.8.2.0
7fb6ce5f0000-7fb6ce607000 r-xp 00000000 08:05 135263                     /lib/x86_64-linux-gnu/libnsl-2.15.so
7fb6ce607000-7fb6ce806000 ---p 00017000 08:05 135263                     /lib/x86_64-linux-gnu/libnsl-2.15.so
7fb6ce806000-7fb6ce807000 r--p 00016000 08:05 135263                     /lib/x86_64-linux-gnu/libnsl-2.15.so
7fb6ce807000-7fb6ce808000 rw-p 00017000 08:05 135263                     /lib/x86_64-linux-gnu/libnsl-2.15.so
7fb6ce808000-7fb6ce80a000 rw-p 00000000 00:00 0 
7fb6ce80a000-7fb6ce80f000 r-xp 00000000 08:05 9237                       /usr/lib/x86_64-linux-gnu/libasyncns.so.0.3.1
7fb6ce80f000-7fb6cea0e000 ---p 00005000 08:05 9237                       /usr/lib/x86_64-linux-gnu/libasyncns.so.0.3.1
7fb6cea0e000-7fb6cea0f000 r--p 00004000 08:05 9237                       /usr/lib/x86_64-linux-gnu/libasyncns.so.0.3.1
7fb6cea0f000-7fb6cea10000 rw-p 00005000 08:05 9237                       /usr/lib/x86_64-linux-gnu/libasyncns.so.0.3.1
7fb6cea10000-7fb6cea70000 r-xp 00000000 08:05 9685                       /usr/lib/x86_64-linux-gnu/libsndfile.so.1.0.25
7fb6cea70000-7fb6cec70000 ---p 00060000 08:05 9685                       /usr/lib/x86_64-linux-gnu/libsndfile.so.1.0.25
7fb6cec70000-7fb6cec72000 r--p 00060000 08:05 9685                       /usr/lib/x86_64-linux-gnu/libsndfile.so.1.0.25
7fb6cec72000-7fb6cec73000 rw-p 00062000 08:05 9685                       /usr/lib/x86_64-linux-gnu/libsndfile.so.1.0.25
7fb6cec73000-7fb6cec77000 rw-p 00000000 00:00 0 
7fb6cec77000-7fb6cec7f000 r-xp 00000000 08:05 135327                     /lib/x86_64-linux-gnu/libwrap.so.0.7.6
7fb6cec7f000-7fb6cee7e000 ---p 00008000 08:05 135327                     /lib/x86_64-linux-gnu/libwrap.so.0.7.6
7fb6cee7e000-7fb6cee7f000 r--p 00007000 08:05 135327                     /lib/x86_64-linux-gnu/libwrap.so.0.7.6
7fb6cee7f000-7fb6cee80000 rw-p 00008000 08:05 135327                     /lib/x86_64-linux-gnu/libwrap.so.0.7.6
7fb6cee80000-7fb6ceedc000 r-xp 00000000 08:05 2105                       /usr/lib/x86_64-linux-gnu/libpulsecommon-1.1.so
7fb6ceedc000-7fb6cf0dc000 ---p 0005c000 08:05 2105                       /usr/lib/x86_64-linux-gnu/libpulsecommon-1.1.so
7fb6cf0dc000-7fb6cf0dd000 r--p 0005c000 08:05 2105                       /usr/lib/x86_64-linux-gnu/libpulsecommon-1.1.so
7fb6cf0dd000-7fb6cf0de000 rw-p 0005d000 08:05 2105                       /usr/lib/x86_64-linux-gnu/libpulsecommon-1.1.so
7fb6cf0de000-7fb6cf0e5000 r-xp 00000000 08:05 9524                       /usr/lib/x86_64-linux-gnu/libjson.so.0.0.1
7fb6cf0e5000-7fb6cf2e4000 ---p 00007000 08:05 9524                       /usr/lib/x86_64-linux-gnu/libjson.so.0.0.1
7fb6cf2e4000-7fb6cf2e5000 r--p 00006000 08:05 9524                       /usr/lib/x86_64-linux-gnu/libjson.so.0.0.1
7fb6cf2e5000-7fb6cf2e6000 rw-p 00007000 08:05 9524                       /usr/lib/x86_64-linux-gnu/libjson.so.0.0.1
7fb6cf2e6000-7fb6cf32c000 r-xp 00000000 08:05 2106                       /usr/lib/x86_64-linux-gnu/libpulse.so.0.13.5
7fb6cf32c000-7fb6cf52c000 ---p 00046000 08:05 2106                       /usr/lib/x86_64-linux-gnu/libpulse.so.0.13.5
7fb6cf52c000-7fb6cf52d000 r--p 00046000 08:05 2106                       /usr/lib/x86_64-linux-gnu/libpulse.so.0.13.5
7fb6cf52d000-7fb6cf52e000 rw-p 00047000 08:05 2106                       /usr/lib/x86_64-linux-gnu/libpulse.so.0.13.5
7fb6cf787000-7fb6cf78b000 r-xp 00000000 08:05 9221                       /usr/lib/x86_64-linux-gnu/libXxf86vm.so.1.0.0
7fb6cf78b000-7fb6cf98a000 ---p 00004000 08:05 9221                       /usr/lib/x86_64-linux-gnu/libXxf86vm.so.1.0.0
7fb6cf98a000-7fb6cf98b000 r--p 00003000 08:05 9221                       /usr/lib/x86_64-linux-gnu/libXxf86vm.so.1.0.0
7fb6cf98b000-7fb6cf98c000 rw-p 00004000 08:05 9221                       /usr/lib/x86_64-linux-gnu/libXxf86vm.so.1.0.0
7fb6cf98c000-7fb6cf9f8000 r-xp 00000000 08:05 418745                     /tmp/libgdxlcasagrande/7b43be9b/liblwjgl64.so
7fb6cf9f8000-7fb6cfbf7000 ---p 0006c000 08:05 418745                     /tmp/libgdxlcasagrande/7b43be9b/liblwjgl64.so
7fb6cfbf7000-7fb6cfbf9000 r--p 0006b000 08:05 418745                     /tmp/libgdxlcasagrande/7b43be9b/liblwjgl64.so
7fb6cfbf9000-7fb6cfbfa000 rw-p 0006d000 08:05 418745                     /tmp/libgdxlcasagrande/7b43be9b/liblwjgl64.so
7fb6cfbfa000-7fb6cfbfb000 r-xp 00000000 08:05 151600                     /usr/lib/jvm/java-7-openjdk-amd64/jre/lib/amd64/libjawt.so
7fb6cfbfb000-7fb6cfdfa000 ---p 00001000 08:05 151600                     /usr/lib/jvm/java-7-openjdk-amd64/jre/lib/amd64/libjawt.so
7fb6cfdfa000-7fb6cfdfb000 r--p 00000000 08:05 151600                     /usr/lib/jvm/java-7-openjdk-amd64/jre/lib/amd64/libjawt.so
7fb6cfdfb000-7fb6cfdfc000 rw-p 00001000 08:05 151600                     /usr/lib/jvm/java-7-openjdk-amd64/jre/lib/amd64/libjawt.so
7fb6cfdfc000-7fb6cfdff000 r-xp 00000000 08:05 135245                     /lib/x86_64-linux-gnu/libgpg-error.so.0.8.0
7fb6cfdff000-7fb6cfffe000 ---p 00003000 08:05 135245                     /lib/x86_64-linux-gnu/libgpg-error.so.0.8.0
7fb6cfffe000-7fb6cffff000 r--p 00002000 08:05 135245                     /lib/x86_64-linux-gnu/libgpg-error.so.0.8.0
7fb6cffff000-7fb6d0000000 rw-p 00003000 08:05 135245                     /lib/x86_64-linux-gnu/libgpg-error.so.0.8.0
7fb6d0000000-7fb6d0021000 rw-p 00000000 00:00 0 
7fb6d0021000-7fb6d4000000 ---p 00000000 00:00 0 
7fb6d4017000-7fb6d40df000 rw-p 00000000 00:00 0 
7fb6d40df000-7fb6d40e2000 r-xp 00000000 08:05 135249                     /lib/x86_64-linux-gnu/libkeyutils.so.1.4
7fb6d40e2000-7fb6d42e1000 ---p 00003000 08:05 135249                     /lib/x86_64-linux-gnu/libkeyutils.so.1.4
7fb6d42e1000-7fb6d42e2000 r--p 00002000 08:05 135249                     /lib/x86_64-linux-gnu/libkeyutils.so.1.4
7fb6d42e2000-7fb6d42e3000 rw-p 00003000 08:05 135249                     /lib/x86_64-linux-gnu/libkeyutils.so.1.4
7fb6d42e3000-7fb6d4325000 r-xp 00000000 08:05 135230                     /lib/x86_64-linux-gnu/libdbus-1.so.3.5.8
7fb6d4325000-7fb6d4525000 ---p 00042000 08:05 135230                     /lib/x86_64-linux-gnu/libdbus-1.so.3.5.8
7fb6d4525000-7fb6d4526000 r--p 00042000 08:05 135230                     /lib/x86_64-linux-gnu/libdbus-1.so.3.5.8
7fb6d4526000-7fb6d4527000 rw-p 00043000 08:05 135230                     /lib/x86_64-linux-gnu/libdbus-1.so.3.5.8
7fb6d4527000-7fb6d4538000 r-xp 00000000 08:05 9596                       /usr/lib/x86_64-linux-gnu/libp11-kit.so.0.0.0
7fb6d4538000-7fb6d4737000 ---p 00011000 08:05 9596                       /usr/lib/x86_64-linux-gnu/libp11-kit.so.0.0.0
7fb6d4737000-7fb6d4738000 r--p 00010000 08:05 9596                       /usr/lib/x86_64-linux-gnu/libp11-kit.so.0.0.0
7fb6d4738000-7fb6d4739000 rw-p 00011000 08:05 9596                       /usr/lib/x86_64-linux-gnu/libp11-kit.so.0.0.0
7fb6d4739000-7fb6d47b3000 r-xp 00000000 08:05 137202                     /lib/x86_64-linux-gnu/libgcrypt.so.11.7.0
7fb6d47b3000-7fb6d49b3000 ---p 0007a000 08:05 137202                     /lib/x86_64-linux-gnu/libgcrypt.so.11.7.0
7fb6d49b3000-7fb6d49b4000 r--p 0007a000 08:05 137202                     /lib/x86_64-linux-gnu/libgcrypt.so.11.7.0
7fb6d49b4000-7fb6d49b7000 rw-p 0007b000 08:05 137202                     /lib/x86_64-linux-gnu/libgcrypt.so.11.7.0
7fb6d49b7000-7fb6d49c7000 r-xp 00000000 08:05 40                         /usr/lib/x86_64-linux-gnu/libtasn1.so.3.1.12
7fb6d49c7000-7fb6d4bc6000 ---p 00010000 08:05 40                         /usr/lib/x86_64-linux-gnu/libtasn1.so.3.1.12
7fb6d4bc6000-7fb6d4bc7000 r--p 0000f000 08:05 40                         /usr/lib/x86_64-linux-gnu/libtasn1.so.3.1.12
7fb6d4bc7000-7fb6d4bc8000 rw-p 00010000 08:05 40                         /usr/lib/x86_64-linux-gnu/libtasn1.so.3.1.12
7fb6d4bc8000-7fb6d4bcf000 r-xp 00000000 08:05 2001                       /usr/lib/x86_64-linux-gnu/libkrb5support.so.0.1
7fb6d4bcf000-7fb6d4dce000 ---p 00007000 08:05 2001                       /usr/lib/x86_64-linux-gnu/libkrb5support.so.0.1
7fb6d4dce000-7fb6d4dcf000 r--p 00006000 08:05 2001                       /usr/lib/x86_64-linux-gnu/libkrb5support.so.0.1
7fb6d4dcf000-7fb6d4dd0000 rw-p 00007000 08:05 2001                       /usr/lib/x86_64-linux-gnu/libkrb5support.so.0.1
7fb6d4dd0000-7fb6d4dd3000 r-xp 00000000 08:05 135225                     /lib/x86_64-linux-gnu/libcom_err.so.2.1
7fb6d4dd3000-7fb6d4fd2000 ---p 00003000 08:05 135225                     /lib/x86_64-linux-gnu/libcom_err.so.2.1
7fb6d4fd2000-7fb6d4fd3000 r--p 00002000 08:05 135225                     /lib/x86_64-linux-gnu/libcom_err.so.2.1
7fb6d4fd3000-7fb6d4fd4000 rw-p 00003000 08:05 135225                     /lib/x86_64-linux-gnu/libcom_err.so.2.1
7fb6d4fd4000-7fb6d4ff9000 r-xp 00000000 08:05 6530                       /usr/lib/x86_64-linux-gnu/libk5crypto.so.3.1
7fb6d4ff9000-7fb6d51f9000 ---p 00025000 08:05 6530                       /usr/lib/x86_64-linux-gnu/libk5crypto.so.3.1
7fb6d51f9000-7fb6d51fa000 r--p 00025000 08:05 6530                       /usr/lib/x86_64-linux-gnu/libk5crypto.so.3.1
7fb6d51fa000-7fb6d51fb000 rw-p 00026000 08:05 6530                       /usr/lib/x86_64-linux-gnu/libk5crypto.so.3.1
7fb6d51fb000-7fb6d51fc000 rw-p 00000000 00:00 0 
7fb6d51fc000-7fb6d52c0000 r-xp 00000000 08:05 1997                       /usr/lib/x86_64-linux-gnu/libkrb5.so.3.3
7fb6d52c0000-7fb6d54bf000 ---p 000c4000 08:05 1997                       /usr/lib/x86_64-linux-gnu/libkrb5.so.3.3
7fb6d54bf000-7fb6d54c9000 r--p 000c3000 08:05 1997                       /usr/lib/x86_64-linux-gnu/libkrb5.so.3.3
7fb6d54c9000-7fb6d54ca000 rw-p 000cd000 08:05 1997                       /usr/lib/x86_64-linux-gnu/libkrb5.so.3.3
7fb6d54ca000-7fb6d54d2000 r-xp 00000000 08:05 9771                       /usr/lib/x86_64-linux-gnu/libxcb-render.so.0.0.0
7fb6d54d2000-7fb6d56d2000 ---p 00008000 08:05 9771                       /usr/lib/x86_64-linux-gnu/libxcb-render.so.0.0.0
7fb6d56d2000-7fb6d56d3000 r--p 00008000 08:05 9771                       /usr/lib/x86_64-linux-gnu/libxcb-render.so.0.0.0
7fb6d56d3000-7fb6d56d4000 rw-p 00009000 08:05 9771                       /usr/lib/x86_64-linux-gnu/libxcb-render.so.0.0.0
7fb6d56d4000-7fb6d56d6000 r-xp 00000000 08:05 9775                       /usr/lib/x86_64-linux-gnu/libxcb-shm.so.0.0.0
7fb6d56d6000-7fb6d58d5000 ---p 00002000 08:05 9775                       /usr/lib/x86_64-linux-gnu/libxcb-shm.so.0.0.0
7fb6d58d5000-7fb6d58d6000 r--p 00001000 08:05 9775                       /usr/lib/x86_64-linux-gnu/libxcb-shm.so.0.0.0
7fb6d58d6000-7fb6d58d7000 rw-p 00002000 08:05 9775                       /usr/lib/x86_64-linux-gnu/libxcb-shm.so.0.0.0
7fb6d58d7000-7fb6d58fd000 r-xp 00000000 08:05 135295                     /lib/x86_64-linux-gnu/libpng12.so.0.46.0
7fb6d58fd000-7fb6d5afd000 ---p 00026000 08:05 135295                     /lib/x86_64-linux-gnu/libpng12.so.0.46.0
7fb6d5afd000-7fb6d5afe000 r--p 00026000 08:05 135295                     /lib/x86_64-linux-gnu/libpng12.so.0.46.0
7fb6d5afe000-7fb6d5aff000 rw-p 00027000 08:05 135295                     /lib/x86_64-linux-gnu/libpng12.so.0.46.0
7fb6d5aff000-7fb6d5b80000 r-xp 00000000 08:05 9622                       /usr/lib/x86_64-linux-gnu/libpixman-1.so.0.24.4
7fb6d5b80000-7fb6d5d7f000 ---p 00081000 08:05 9622                       /usr/lib/x86_64-linux-gnu/libpixman-1.so.0.24.4
7fb6d5d7f000-7fb6d5d85000 r--p 00080000 08:05 9622                       /usr/lib/x86_64-linux-gnu/libpixman-1.so.0.24.4
7fb6d5d85000-7fb6d5d86000 rw-p 00086000 08:05 9622                       /usr/lib/x86_64-linux-gnu/libpixman-1.so.0.24.4
7fb6d5d86000-7fb6d5d8b000 r-xp 00000000 08:05 9191                       /usr/lib/x86_64-linux-gnu/libXdmcp.so.6.0.0
7fb6d5d8b000-7fb6d5f8a000 ---p 00005000 08:05 9191                       /usr/lib/x86_64-linux-gnu/libXdmcp.so.6.0.0
7fb6d5f8a000-7fb6d5f8b000 r--p 00004000 08:05 9191                       /usr/lib/x86_64-linux-gnu/libXdmcp.so.6.0.0
7fb6d5f8b000-7fb6d5f8c000 rw-p 00005000 08:05 9191                       /usr/lib/x86_64-linux-gnu/libXdmcp.so.6.0.0
7fb6d5f8c000-7fb6d5f8e000 r-xp 00000000 08:05 9180                       /usr/lib/x86_64-linux-gnu/libXau.so.6.0.0
7fb6d5f8e000-7fb6d618d000 ---p 00002000 08:05 9180                       /usr/lib/x86_64-linux-gnu/libXau.so.6.0.0
7fb6d618d000-7fb6d618e000 r--p 00001000 08:05 9180                       /usr/lib/x86_64-linux-gnu/libXau.so.6.0.0
7fb6d618e000-7fb6d618f000 rw-p 00002000 08:05 9180                       /usr/lib/x86_64-linux-gnu/libXau.so.6.0.0
7fb6d618f000-7fb6d619f000 r-xp 00000000 08:05 9247                       /usr/lib/x86_64-linux-gnu/libavahi-client.so.3.2.9
7fb6d619f000-7fb6d639e000 ---p 00010000 08:05 9247                       /usr/lib/x86_64-linux-gnu/libavahi-client.so.3.2.9
7fb6d639e000-7fb6d639f000 r--p 0000f000 08:05 9247                       /usr/lib/x86_64-linux-gnu/libavahi-client.so.3.2.9
7fb6d639f000-7fb6d63a0000 rw-p 00010000 08:05 9247                       /usr/lib/x86_64-linux-gnu/libavahi-client.so.3.2.9
7fb6d63a0000-7fb6d63ab000 r-xp 00000000 08:05 9249                       /usr/lib/x86_64-linux-gnu/libavahi-common.so.3.5.3
7fb6d63ab000-7fb6d65aa000 ---p 0000b000 08:05 9249                       /usr/lib/x86_64-linux-gnu/libavahi-common.so.3.5.3
7fb6d65aa000-7fb6d65ab000 r--p 0000a000 08:05 9249                       /usr/lib/x86_64-linux-gnu/libavahi-common.so.3.5.3
7fb6d65ab000-7fb6d65ac000 rw-p 0000b000 08:05 9249                       /usr/lib/x86_64-linux-gnu/libavahi-common.so.3.5.3
7fb6d65ac000-7fb6d6660000 r-xp 00000000 08:05 394                        /usr/lib/x86_64-linux-gnu/libgnutls.so.26.21.8
7fb6d6660000-7fb6d6860000 ---p 000b4000 08:05 394                        /usr/lib/x86_64-linux-gnu/libgnutls.so.26.21.8
7fb6d6860000-7fb6d6866000 r--p 000b4000 08:05 394                        /usr/lib/x86_64-linux-gnu/libgnutls.so.26.21.8
7fb6d6866000-7fb6d6867000 rw-p 000ba000 08:05 394                        /usr/lib/x86_64-linux-gnu/libgnutls.so.26.21.8
7fb6d6867000-7fb6d6868000 rw-p 00000000 00:00 0 
7fb6d6868000-7fb6d68a3000 r-xp 00000000 08:05 631                        /usr/lib/x86_64-linux-gnu/libgssapi_krb5.so.2.2
7fb6d68a3000-7fb6d6aa3000 ---p 0003b000 08:05 631                        /usr/lib/x86_64-linux-gnu/libgssapi_krb5.so.2.2
7fb6d6aa3000-7fb6d6aa4000 r--p 0003b000 08:05 631                        /usr/lib/x86_64-linux-gnu/libgssapi_krb5.so.2.2
7fb6d6aa4000-7fb6d6aa6000 rw-p 0003c000 08:05 631                        /usr/lib/x86_64-linux-gnu/libgssapi_krb5.so.2.2
7fb6d6aa6000-7fb6d6ae2000 r-xp 00000000 08:05 135291                     /lib/x86_64-linux-gnu/libpcre.so.3.12.1
7fb6d6ae2000-7fb6d6ce1000 ---p 0003c000 08:05 135291                     /lib/x86_64-linux-gnu/libpcre.so.3.12.1
7fb6d6ce1000-7fb6d6ce2000 r--p 0003b000 08:05 135291                     /lib/x86_64-linux-gnu/libpcre.so.3.12.1
7fb6d6ce2000-7fb6d6ce3000 rw-p 0003c000 08:05 135291                     /lib/x86_64-linux-gnu/libpcre.so.3.12.1
7fb6d6ce3000-7fb6d6cea000 r-xp 00000000 08:05 9365                       /usr/lib/x86_64-linux-gnu/libffi.so.6.0.0
7fb6d6cea000-7fb6d6ee9000 ---p 00007000 08:05 9365                       /usr/lib/x86_64-linux-gnu/libffi.so.6.0.0
7fb6d6ee9000-7fb6d6eea000 r--p 00006000 08:05 9365                       /usr/lib/x86_64-linux-gnu/libffi.so.6.0.0
7fb6d6eea000-7fb6d6eeb000 rw-p 00007000 08:05 9365                       /usr/lib/x86_64-linux-gnu/libffi.so.6.0.0
7fb6d6eeb000-7fb6d6f12000 r-xp 00000000 08:05 131220                     /lib/x86_64-linux-gnu/libexpat.so.1.5.2
7fb6d6f12000-7fb6d7112000 ---p 00027000 08:05 131220                     /lib/x86_64-linux-gnu/libexpat.so.1.5.2
7fb6d7112000-7fb6d7114000 r--p 00027000 08:05 131220                     /lib/x86_64-linux-gnu/libexpat.so.1.5.2
7fb6d7114000-7fb6d7115000 rw-p 00029000 08:05 131220                     /lib/x86_64-linux-gnu/libexpat.so.1.5.2
7fb6d7115000-7fb6d71ab000 r-xp 00000000 08:05 9373                       /usr/lib/x86_64-linux-gnu/libfreetype.so.6.8.0
7fb6d71ab000-7fb6d73aa000 ---p 00096000 08:05 9373                       /usr/lib/x86_64-linux-gnu/libfreetype.so.6.8.0
7fb6d73aa000-7fb6d73b0000 r--p 00095000 08:05 9373                       /usr/lib/x86_64-linux-gnu/libfreetype.so.6.8.0
7fb6d73b0000-7fb6d73b1000 rw-p 0009b000 08:05 9373                       /usr/lib/x86_64-linux-gnu/libfreetype.so.6.8.0
7fb6d73b1000-7fb6d73c9000 r-xp 00000000 08:05 135302                     /lib/x86_64-linux-gnu/libresolv-2.15.so
7fb6d73c9000-7fb6d75c9000 ---p 00018000 08:05 135302                     /lib/x86_64-linux-gnu/libresolv-2.15.so
7fb6d75c9000-7fb6d75ca000 r--p 00018000 08:05 135302                     /lib/x86_64-linux-gnu/libresolv-2.15.so
7fb6d75ca000-7fb6d75cb000 rw-p 00019000 08:05 135302                     /lib/x86_64-linux-gnu/libresolv-2.15.so
7fb6d75cb000-7fb6d75cd000 rw-p 00000000 00:00 0 
7fb6d75cd000-7fb6d75ea000 r-xp 00000000 08:05 135306                     /lib/x86_64-linux-gnu/libselinux.so.1
7fb6d75ea000-7fb6d77e9000 ---p 0001d000 08:05 135306                     /lib/x86_64-linux-gnu/libselinux.so.1
7fb6d77e9000-7fb6d77ea000 r--p 0001c000 08:05 135306                     /lib/x86_64-linux-gnu/libselinux.so.1
7fb6d77ea000-7fb6d77eb000 rw-p 0001d000 08:05 135306                     /lib/x86_64-linux-gnu/libselinux.so.1
7fb6d77eb000-7fb6d77ec000 rw-p 00000000 00:00 0 
7fb6d77ec000-7fb6d77ef000 r-xp 00000000 08:05 2089                       /usr/lib/x86_64-linux-gnu/libgmodule-2.0.so.0.3200.3
7fb6d77ef000-7fb6d79ee000 ---p 00003000 08:05 2089                       /usr/lib/x86_64-linux-gnu/libgmodule-2.0.so.0.3200.3
7fb6d79ee000-7fb6d79ef000 r--p 00002000 08:05 2089                       /usr/lib/x86_64-linux-gnu/libgmodule-2.0.so.0.3200.3
7fb6d79ef000-7fb6d79f0000 rw-p 00003000 08:05 2089                       /usr/lib/x86_64-linux-gnu/libgmodule-2.0.so.0.3200.3
7fb6d79f0000-7fb6d79f2000 r-xp 00000000 08:05 9189                       /usr/lib/x86_64-linux-gnu/libXdamage.so.1.1.0
7fb6d79f2000-7fb6d7bf1000 ---p 00002000 08:05 9189                       /usr/lib/x86_64-linux-gnu/libXdamage.so.1.1.0
7fb6d7bf1000-7fb6d7bf2000 r--p 00001000 08:05 9189                       /usr/lib/x86_64-linux-gnu/libXdamage.so.1.1.0
7fb6d7bf2000-7fb6d7bf3000 rw-p 00002000 08:05 9189                       /usr/lib/x86_64-linux-gnu/libXdamage.so.1.1.0
7fb6d7bf3000-7fb6d7bf5000 r-xp 00000000 08:05 9185                       /usr/lib/x86_64-linux-gnu/libXcomposite.so.1.0.0
7fb6d7bf5000-7fb6d7df4000 ---p 00002000 08:05 9185                       /usr/lib/x86_64-linux-gnu/libXcomposite.so.1.0.0
7fb6d7df4000-7fb6d7df5000 r--p 00001000 08:05 9185                       /usr/lib/x86_64-linux-gnu/libXcomposite.so.1.0.0
7fb6d7df5000-7fb6d7df6000 rw-p 00002000 08:05 9185                       /usr/lib/x86_64-linux-gnu/libXcomposite.so.1.0.0
7fb6d7df6000-7fb6d7dff000 r-xp 00000000 08:05 9187                       /usr/lib/x86_64-linux-gnu/libXcursor.so.1.0.2
7fb6d7dff000-7fb6d7ffe000 ---p 00009000 08:05 9187                       /usr/lib/x86_64-linux-gnu/libXcursor.so.1.0.2
7fb6d7ffe000-7fb6d7fff000 r--p 00008000 08:05 9187                       /usr/lib/x86_64-linux-gnu/libXcursor.so.1.0.2
7fb6d7fff000-7fb6d8000000 rw-p 00009000 08:05 9187                       /usr/lib/x86_64-linux-gnu/libXcursor.so.1.0.2
7fb6d8000000-7fb6d8021000 rw-p 00000000 00:00 0 
7fb6d8021000-7fb6dc000000 ---p 00000000 00:00 0 
7fb6dc029000-7fb6dc0a9000 rw-p 00000000 00:00 0 
7fb6dc0a9000-7fb6dc0ac000 ---p 00000000 00:00 0 
7fb6dc0ac000-7fb6dc1aa000 rw-p 00000000 00:00 0 
7fb6dc1aa000-7fb6dc1b2000 r-xp 00000000 08:05 9211                       /usr/lib/x86_64-linux-gnu/libXrandr.so.2.2.0
7fb6dc1b2000-7fb6dc3b1000 ---p 00008000 08:05 9211                       /usr/lib/x86_64-linux-gnu/libXrandr.so.2.2.0
7fb6dc3b1000-7fb6dc3b2000 r--p 00007000 08:05 9211                       /usr/lib/x86_64-linux-gnu/libXrandr.so.2.2.0
7fb6dc3b2000-7fb6dc3b3000 rw-p 00008000 08:05 9211                       /usr/lib/x86_64-linux-gnu/libXrandr.so.2.2.0
7fb6dc3b3000-7fb6dc3b5000 r-xp 00000000 08:05 9201                       /usr/lib/x86_64-linux-gnu/libXinerama.so.1.0.0
7fb6dc3b5000-7fb6dc5b4000 ---p 00002000 08:05 9201                       /usr/lib/x86_64-linux-gnu/libXinerama.so.1.0.0
7fb6dc5b4000-7fb6dc5b5000 r--p 00001000 08:05 9201                       /usr/lib/x86_64-linux-gnu/libXinerama.so.1.0.0
7fb6dc5b5000-7fb6dc5b6000 rw-p 00002000 08:05 9201                       /usr/lib/x86_64-linux-gnu/libXinerama.so.1.0.0
7fb6dc5b6000-7fb6dc5df000 r-xp 00000000 08:05 2011                       /usr/lib/x86_64-linux-gnu/libpangoft2-1.0.so.0.3000.0
7fb6dc5df000-7fb6dc7de000 ---p 00029000 08:05 2011                       /usr/lib/x86_64-linux-gnu/libpangoft2-1.0.so.0.3000.0
7fb6dc7de000-7fb6dc7df000 r--p 00028000 08:05 2011                       /usr/lib/x86_64-linux-gnu/libpangoft2-1.0.so.0.3000.0
7fb6dc7df000-7fb6dc7e0000 rw-p 00029000 08:05 2011                       /usr/lib/x86_64-linux-gnu/libpangoft2-1.0.so.0.3000.0
7fb6dc7e0000-7fb6dc899000 r-xp 00000000 08:05 194                        /usr/lib/x86_64-linux-gnu/libcairo.so.2.11000.2
7fb6dc899000-7fb6dca98000 ---p 000b9000 08:05 194                        /usr/lib/x86_64-linux-gnu/libcairo.so.2.11000.2
7fb6dca98000-7fb6dca9a000 r--p 000b8000 08:05 194                        /usr/lib/x86_64-linux-gnu/libcairo.so.2.11000.2
7fb6dca9a000-7fb6dca9b000 rw-p 000ba000 08:05 194                        /usr/lib/x86_64-linux-gnu/libcairo.so.2.11000.2
7fb6dca9b000-7fb6dca9e000 rw-p 00000000 00:00 0 
7fb6dca9e000-7fb6dcabd000 r-xp 00000000 08:05 9239                       /usr/lib/x86_64-linux-gnu/libatk-1.0.so.0.20409.1
7fb6dcabd000-7fb6dccbd000 ---p 0001f000 08:05 9239                       /usr/lib/x86_64-linux-gnu/libatk-1.0.so.0.20409.1
7fb6dccbd000-7fb6dccbf000 r--p 0001f000 08:05 9239                       /usr/lib/x86_64-linux-gnu/libatk-1.0.so.0.20409.1
7fb6dccbf000-7fb6dccc0000 rw-p 00021000 08:05 9239                       /usr/lib/x86_64-linux-gnu/libatk-1.0.so.0.20409.1
7fb6dccc0000-7fb6dccc5000 r-xp 00000000 08:05 9195                       /usr/lib/x86_64-linux-gnu/libXfixes.so.3.1.0
7fb6dccc5000-7fb6dcec4000 ---p 00005000 08:05 9195                       /usr/lib/x86_64-linux-gnu/libXfixes.so.3.1.0
7fb6dcec4000-7fb6dcec5000 r--p 00004000 08:05 9195                       /usr/lib/x86_64-linux-gnu/libXfixes.so.3.1.0
7fb6dcec5000-7fb6dcec6000 rw-p 00005000 08:05 9195                       /usr/lib/x86_64-linux-gnu/libXfixes.so.3.1.0
7fb6dcec6000-7fb6dced1000 r-xp 00000000 08:05 2013                       /usr/lib/x86_64-linux-gnu/libpangocairo-1.0.so.0.3000.0
7fb6dced1000-7fb6dd0d0000 ---p 0000b000 08:05 2013                       /usr/lib/x86_64-linux-gnu/libpangocairo-1.0.so.0.3000.0
7fb6dd0d0000-7fb6dd0d1000 r--p 0000a000 08:05 2013                       /usr/lib/x86_64-linux-gnu/libpangocairo-1.0.so.0.3000.0
7fb6dd0d1000-7fb6dd0d2000 rw-p 0000b000 08:05 2013                       /usr/lib/x86_64-linux-gnu/libpangocairo-1.0.so.0.3000.0
7fb6dd0d2000-7fb6dd0ef000 r-xp 00000000 08:05 9779                       /usr/lib/x86_64-linux-gnu/libxcb.so.1.1.0
7fb6dd0ef000-7fb6dd2ee000 ---p 0001d000 08:05 9779                       /usr/lib/x86_64-linux-gnu/libxcb.so.1.1.0
7fb6dd2ee000-7fb6dd2ef000 r--p 0001c000 08:05 9779                       /usr/lib/x86_64-linux-gnu/libxcb.so.1.1.0
7fb6dd2ef000-7fb6dd2f0000 rw-p 0001d000 08:05 9779                       /usr/lib/x86_64-linux-gnu/libxcb.so.1.1.0
7fb6dd2f0000-7fb6dd340000 r-xp 00000000 08:05 1518                       /usr/lib/x86_64-linux-gnu/libcups.so.2
7fb6dd340000-7fb6dd53f000 ---p 00050000 08:05 1518                       /usr/lib/x86_64-linux-gnu/libcups.so.2
7fb6dd53f000-7fb6dd543000 r--p 0004f000 08:05 1518                       /usr/lib/x86_64-linux-gnu/libcups.so.2
7fb6dd543000-7fb6dd544000 rw-p 00053000 08:05 1518                       /usr/lib/x86_64-linux-gnu/libcups.so.2
7fb6dd544000-7fb6dd636000 r-xp 00000000 08:05 135240                     /lib/x86_64-linux-gnu/libglib-2.0.so.0.3200.3
7fb6dd636000-7fb6dd836000 ---p 000f2000 08:05 135240                     /lib/x86_64-linux-gnu/libglib-2.0.so.0.3200.3
7fb6dd836000-7fb6dd837000 r--p 000f2000 08:05 135240                     /lib/x86_64-linux-gnu/libglib-2.0.so.0.3200.3
7fb6dd837000-7fb6dd838000 rw-p 000f3000 08:05 135240                     /lib/x86_64-linux-gnu/libglib-2.0.so.0.3200.3
7fb6dd838000-7fb6dd839000 rw-p 00000000 00:00 0 
7fb6dd839000-7fb6dd83a000 r-xp 00000000 08:05 614                        /usr/lib/x86_64-linux-gnu/libgthread-2.0.so.0.3200.3
7fb6dd83a000-7fb6dda39000 ---p 00001000 08:05 614                        /usr/lib/x86_64-linux-gnu/libgthread-2.0.so.0.3200.3
7fb6dda39000-7fb6dda3a000 r--p 00000000 08:05 614                        /usr/lib/x86_64-linux-gnu/libgthread-2.0.so.0.3200.3
7fb6dda3a000-7fb6dda3b000 rw-p 00001000 08:05 614                        /usr/lib/x86_64-linux-gnu/libgthread-2.0.so.0.3200.3
7fb6dda3b000-7fb6dda88000 r-xp 00000000 08:05 2091                       /usr/lib/x86_64-linux-gnu/libgobject-2.0.so.0.3200.3
7fb6dda88000-7fb6ddc88000 ---p 0004d000 08:05 2091                       /usr/lib/x86_64-linux-gnu/libgobject-2.0.so.0.3200.3
7fb6ddc88000-7fb6ddc89000 r--p 0004d000 08:05 2091                       /usr/lib/x86_64-linux-gnu/libgobject-2.0.so.0.3200.3
7fb6ddc89000-7fb6ddc8a000 rw-p 0004e000 08:05 2091                       /usr/lib/x86_64-linux-gnu/libgobject-2.0.so.0.3200.3
7fb6ddc8a000-7fb6ddcbe000 r-xp 00000000 08:05 4399                       /usr/lib/x86_64-linux-gnu/libfontconfig.so.1.4.4
7fb6ddcbe000-7fb6ddebe000 ---p 00034000 08:05 4399                       /usr/lib/x86_64-linux-gnu/libfontconfig.so.1.4.4
7fb6ddebe000-7fb6ddebf000 r--p 00034000 08:05 4399                       /usr/lib/x86_64-linux-gnu/libfontconfig.so.1.4.4
7fb6ddebf000-7fb6ddec0000 rw-p 00035000 08:05 4399                       /usr/lib/x86_64-linux-gnu/libfontconfig.so.1.4.4
7fb6ddec0000-7fb6ddf06000 r-xp 00000000 08:05 2012                       /usr/lib/x86_64-linux-gnu/libpango-1.0.so.0.3000.0
7fb6ddf06000-7fb6de106000 ---p 00046000 08:05 2012                       /usr/lib/x86_64-linux-gnu/libpango-1.0.so.0.3000.0
7fb6de106000-7fb6de108000 r--p 00046000 08:05 2012                       /usr/lib/x86_64-linux-gnu/libpango-1.0.so.0.3000.0
7fb6de108000-7fb6de109000 rw-p 00048000 08:05 2012                       /usr/lib/x86_64-linux-gnu/libpango-1.0.so.0.3000.0
7fb6de109000-7fb6de127000 r-xp 00000000 08:05 9392                       /usr/lib/x86_64-linux-gnu/libgdk_pixbuf-2.0.so.0.2600.1
7fb6de127000-7fb6de327000 ---p 0001e000 08:05 9392                       /usr/lib/x86_64-linux-gnu/libgdk_pixbuf-2.0.so.0.2600.1
7fb6de327000-7fb6de328000 r--p 0001e000 08:05 9392                       /usr/lib/x86_64-linux-gnu/libgdk_pixbuf-2.0.so.0.2600.1
7fb6de328000-7fb6de329000 rw-p 0001f000 08:05 9392                       /usr/lib/x86_64-linux-gnu/libgdk_pixbuf-2.0.so.0.2600.1
7fb6de329000-7fb6de471000 r-xp 00000000 08:05 2090                       /usr/lib/x86_64-linux-gnu/libgio-2.0.so.0.3200.3
7fb6de471000-7fb6de670000 ---p 00148000 08:05 2090                       /usr/lib/x86_64-linux-gnu/libgio-2.0.so.0.3200.3
7fb6de670000-7fb6de674000 r--p 00147000 08:05 2090                       /usr/lib/x86_64-linux-gnu/libgio-2.0.so.0.3200.3
7fb6de674000-7fb6de676000 rw-p 0014b000 08:05 2090                       /usr/lib/x86_64-linux-gnu/libgio-2.0.so.0.3200.3
7fb6de676000-7fb6de678000 rw-p 00000000 00:00 0 
7fb6de678000-7fb6de725000 r-xp 00000000 08:05 9390                       /usr/lib/x86_64-linux-gnu/libgdk-x11-2.0.so.0.2400.10
7fb6de725000-7fb6de924000 ---p 000ad000 08:05 9390                       /usr/lib/x86_64-linux-gnu/libgdk-x11-2.0.so.0.2400.10
7fb6de924000-7fb6de928000 r--p 000ac000 08:05 9390                       /usr/lib/x86_64-linux-gnu/libgdk-x11-2.0.so.0.2400.10
7fb6de928000-7fb6de92a000 rw-p 000b0000 08:05 9390                       /usr/lib/x86_64-linux-gnu/libgdk-x11-2.0.so.0.2400.10
7fb6de92a000-7fb6ded57000 r-xp 00000000 08:05 9485                       /usr/lib/x86_64-linux-gnu/libgtk-x11-2.0.so.0.2400.10
7fb6ded57000-7fb6def57000 ---p 0042d000 08:05 9485                       /usr/lib/x86_64-linux-gnu/libgtk-x11-2.0.so.0.2400.10
7fb6def57000-7fb6def5e000 r--p 0042d000 08:05 9485                       /usr/lib/x86_64-linux-gnu/libgtk-x11-2.0.so.0.2400.10
7fb6def5e000-7fb6def62000 rw-p 00434000 08:05 9485                       /usr/lib/x86_64-linux-gnu/libgtk-x11-2.0.so.0.2400.10
7fb6def62000-7fb6def64000 rw-p 00000000 00:00 0 
7fb6def64000-7fb6def72000 r-xp 00000000 08:05 9199                       /usr/lib/x86_64-linux-gnu/libXi.so.6.1.0
7fb6def72000-7fb6df171000 ---p 0000e000 08:05 9199                       /usr/lib/x86_64-linux-gnu/libXi.so.6.1.0
7fb6df171000-7fb6df172000 r--p 0000d000 08:05 9199                       /usr/lib/x86_64-linux-gnu/libXi.so.6.1.0
7fb6df172000-7fb6df173000 rw-p 0000e000 08:05 9199                       /usr/lib/x86_64-linux-gnu/libXi.so.6.1.0
7fb6df173000-7fb6df178000 r-xp 00000000 08:05 9217                       /usr/lib/x86_64-linux-gnu/libXtst.so.6.1.0
7fb6df178000-7fb6df377000 ---p 00005000 08:05 9217                       /usr/lib/x86_64-linux-gnu/libXtst.so.6.1.0
7fb6df377000-7fb6df378000 r--p 00004000 08:05 9217                       /usr/lib/x86_64-linux-gnu/libXtst.so.6.1.0
7fb6df378000-7fb6df379000 rw-p 00005000 08:05 9217                       /usr/lib/x86_64-linux-gnu/libXtst.so.6.1.0
7fb6df379000-7fb6df382000 r-xp 00000000 08:05 9213                       /usr/lib/x86_64-linux-gnu/libXrender.so.1.3.0
7fb6df382000-7fb6df581000 ---p 00009000 08:05 9213                       /usr/lib/x86_64-linux-gnu/libXrender.so.1.3.0
7fb6df581000-7fb6df582000 r--p 00008000 08:05 9213                       /usr/lib/x86_64-linux-gnu/libXrender.so.1.3.0
7fb6df582000-7fb6df583000 rw-p 00009000 08:05 9213                       /usr/lib/x86_64-linux-gnu/libXrender.so.1.3.0
7fb6df583000-7fb6df6b2000 r-xp 00000000 08:05 9178                       /usr/lib/x86_64-linux-gnu/libX11.so.6.3.0
7fb6df6b2000-7fb6df8b2000 ---p 0012f000 08:05 9178                       /usr/lib/x86_64-linux-gnu/libX11.so.6.3.0
7fb6df8b2000-7fb6df8b3000 r--p 0012f000 08:05 9178                       /usr/lib/x86_64-linux-gnu/libX11.so.6.3.0
7fb6df8b3000-7fb6df8b7000 rw-p 00130000 08:05 9178                       /usr/lib/x86_64-linux-gnu/libX11.so.6.3.0
7fb6df8b7000-7fb6df8c7000 r-xp 00000000 08:05 9193                       /usr/lib/x86_64-linux-gnu/libXext.so.6.4.0
7fb6df8c7000-7fb6dfac6000 ---p 00010000 08:05 9193                       /usr/lib/x86_64-linux-gnu/libXext.so.6.4.0
7fb6dfac6000-7fb6dfac7000 r--p 0000f000 08:05 9193                       /usr/lib/x86_64-linux-gnu/libXext.so.6.4.0
7fb6dfac7000-7fb6dfac8000 rw-p 00010000 08:05 9193                       /usr/lib/x86_64-linux-gnu/libXext.so.6.4.0
7fb6dfac8000-7fb6dfb1e000 r-xp 00000000 08:05 151775                     /usr/lib/jvm/java-7-openjdk-amd64/jre/lib/amd64/xawt/libmawt.so
7fb6dfb1e000-7fb6dfd1d000 ---p 00056000 08:05 151775                     /usr/lib/jvm/java-7-openjdk-amd64/jre/lib/amd64/xawt/libmawt.so
7fb6dfd1d000-7fb6dfd1e000 r--p 00055000 08:05 151775                     /usr/lib/jvm/java-7-openjdk-amd64/jre/lib/amd64/xawt/libmawt.so
7fb6dfd1e000-7fb6dfd21000 rw-p 00056000 08:05 151775                     /usr/lib/jvm/java-7-openjdk-amd64/jre/lib/amd64/xawt/libmawt.so
7fb6dfd21000-7fb6dfd22000 rw-p 00000000 00:00 0 
7fb6dfd22000-7fb6dfdd0000 r-xp 00000000 08:05 151610                     /usr/lib/jvm/java-7-openjdk-amd64/jre/lib/amd64/libawt.so
7fb6dfdd0000-7fb6dffcf000 ---p 000ae000 08:05 151610                     /usr/lib/jvm/java-7-openjdk-amd64/jre/lib/amd64/libawt.so
7fb6dffcf000-7fb6dffd0000 r--p 000ad000 08:05 151610                     /usr/lib/jvm/java-7-openjdk-amd64/jre/lib/amd64/libawt.so
7fb6dffd0000-7fb6dffdb000 rw-p 000ae000 08:05 151610                     /usr/lib/jvm/java-7-openjdk-amd64/jre/lib/amd64/libawt.so
7fb6dffdb000-7fb6e0000000 rw-p 00000000 00:00 0 
7fb6e0000000-7fb6e0021000 rw-p 00000000 00:00 0 
7fb6e0021000-7fb6e4000000 ---p 00000000 00:00 0 
7fb6e4012000-7fb6e4092000 rw-p 00000000 00:00 0 
7fb6e4092000-7fb6e4095000 ---p 00000000 00:00 0 
7fb6e4095000-7fb6e4193000 rw-p 00000000 00:00 0 
7fb6e4193000-7fb6e41d0000 r-xp 00000000 08:05 418743                     /tmp/libgdxlcasagrande/5502b6ed/libgdx64.so
7fb6e41d0000-7fb6e43cf000 ---p 0003d000 08:05 418743                     /tmp/libgdxlcasagrande/5502b6ed/libgdx64.so
7fb6e43cf000-7fb6e43d0000 r--p 0003c000 08:05 418743                     /tmp/libgdxlcasagrande/5502b6ed/libgdx64.so
7fb6e43d0000-7fb6e43d1000 rw-p 0003d000 08:05 418743                     /tmp/libgdxlcasagrande/5502b6ed/libgdx64.so
7fb6e43d1000-7fb6e43da000 r--s 00263000 08:05 151547                     /usr/lib/jvm/java-7-openjdk-common/jre/lib/resources.jar
7fb6e43da000-7fb6e43dc000 r--s 000d4000 00:1f 235766760                  /afs/it.itba.edu.ar/home/lcasagrande/workspace/Tower Defense/libs/gdx-natives.jar
7fb6e43dc000-7fb6e43ed000 r--s 0012a000 00:1f 235766756                  /afs/it.itba.edu.ar/home/lcasagrande/workspace/Tower Defense/libs/gdx-backend-lwjgl.jar
7fb6e43ed000-7fb6e43ee000 r--s 001a1000 00:1f 235766752                  /afs/it.itba.edu.ar/home/lcasagrande/workspace/Tower Defense/libs/gdx-backend-lwjgl-natives.jar
7fb6e43ee000-7fb6e4408000 r--s 00186000 00:1f 235766900                  /afs/it.itba.edu.ar/home/lcasagrande/workspace/Tower Defense/libs/gdx.jar
7fb6e4408000-7fb6e440b000 r--s 00085000 08:05 151530                     /usr/lib/jvm/java-7-openjdk-common/jre/lib/ext/localedata.jar
7fb6e440b000-7fb6e440e000 r--s 0000f000 08:05 151533                     /usr/lib/jvm/java-7-openjdk-common/jre/lib/ext/pulse-java.jar
7fb6e440e000-7fb6e440f000 r--s 00007000 08:05 407359                     /usr/share/java/java-atk-wrapper.jar
7fb6e440f000-7fb6e4412000 r--s 00032000 08:05 151531                     /usr/lib/jvm/java-7-openjdk-common/jre/lib/ext/sunjce_provider.jar
7fb6e4412000-7fb6e4413000 r--s 00002000 08:05 151529                     /usr/lib/jvm/java-7-openjdk-common/jre/lib/ext/dnsns.jar
7fb6e4413000-7fb6e4415000 r--s 00012000 08:05 151532                     /usr/lib/jvm/java-7-openjdk-common/jre/lib/ext/zipfs.jar
7fb6e4415000-7fb6e4418000 r--s 0003c000 08:05 151528                     /usr/lib/jvm/java-7-openjdk-common/jre/lib/ext/sunpkcs11.jar
7fb6e4418000-7fb6e4419000 ---p 00000000 00:00 0 
7fb6e4419000-7fb6e4519000 rw-p 00000000 00:00 0 
7fb6e4519000-7fb6e451c000 ---p 00000000 00:00 0 
7fb6e451c000-7fb6e461a000 rw-p 00000000 00:00 0 
7fb6e461a000-7fb6e461d000 ---p 00000000 00:00 0 
7fb6e461d000-7fb6e471b000 rw-p 00000000 00:00 0 
7fb6e471b000-7fb6e471e000 ---p 00000000 00:00 0 
7fb6e471e000-7fb6e481c000 rw-p 00000000 00:00 0 
7fb6e481c000-7fb6e481f000 ---p 00000000 00:00 0 
7fb6e481f000-7fb6e491d000 rw-p 00000000 00:00 0 
7fb6e491d000-7fb6e5000000 r--p 00000000 08:05 7218                       /usr/lib/locale/locale-archive
7fb6e5000000-7fb6e5270000 rwxp 00000000 00:00 0 
7fb6e5270000-7fb6e83ce000 rw-p 00000000 00:00 0 
7fb6e83ce000-7fb6ec000000 ---p 00000000 00:00 0 
7fb6ec043000-7fb6ec046000 ---p 00000000 00:00 0 
7fb6ec046000-7fb6ec05d000 rw-p 00000000 00:00 0 
7fb6ec05d000-7fb6ec07d000 rw-s e1420000 00:05 13470                      /dev/ati/card0
7fb6ec07d000-7fb6ec07f000 rw-s 0d027000 00:05 13470                      /dev/ati/card0
7fb6ec07f000-7fb6ec090000 r--p 00000000 08:05 399196                     /usr/share/locale-langpack/es/LC_MESSAGES/pulseaudio.mo
7fb6ec090000-7fb6ec097000 r--s 00000000 08:05 267987                     /usr/lib/x86_64-linux-gnu/gconv/gconv-modules.cache
7fb6ec097000-7fb6ec09a000 ---p 00000000 00:00 0 
7fb6ec09a000-7fb6ec198000 rw-p 00000000 00:00 0 
7fb6ec198000-7fb6ec19b000 ---p 00000000 00:00 0 
7fb6ec19b000-7fb6ec299000 rw-p 00000000 00:00 0 
7fb6ec299000-7fb6ec29a000 ---p 00000000 00:00 0 
7fb6ec29a000-7fb6ecd0f000 rw-p 00000000 00:00 0 
7fb6ecd0f000-7fb6ecebe000 r--s 03e91000 08:05 151618                     /usr/lib/jvm/java-7-openjdk-amd64/jre/lib/rt.jar
7fb6ecebe000-7fb6ecebf000 ---p 00000000 00:00 0 
7fb6ecebf000-7fb6ecfbf000 rw-p 00000000 00:00 0 
7fb6ecfbf000-7fb6ecfc0000 ---p 00000000 00:00 0 
7fb6ecfc0000-7fb6ed0c0000 rw-p 00000000 00:00 0 
7fb6ed0c0000-7fb6ed0c1000 ---p 00000000 00:00 0 
7fb6ed0c1000-7fb6ed1c1000 rw-p 00000000 00:00 0 
7fb6ed1c1000-7fb6ed1c2000 ---p 00000000 00:00 0 
7fb6ed1c2000-7fb6ed2c2000 rw-p 00000000 00:00 0 
7fb6ed2c2000-7fb6ed2c3000 ---p 00000000 00:00 0 
7fb6ed2c3000-7fb6ed3c3000 rw-p 00000000 00:00 0 
7fb6ed3c3000-7fb6ed3c4000 ---p 00000000 00:00 0 
7fb6ed3c4000-7fb6ed4c4000 rw-p 00000000 00:00 0 
7fb6ed4c4000-7fb6ed4c5000 ---p 00000000 00:00 0 
7fb6ed4c5000-7fb6ed5c5000 rw-p 00000000 00:00 0 
7fb6ed5c5000-7fb6ed5c6000 ---p 00000000 00:00 0 
7fb6ed5c6000-7fb6ed6f0000 rw-p 00000000 00:00 0 
7fb6ed6f0000-7fb6ed95c000 rw-p 00000000 00:00 0 
7fb6ed95c000-7fb6ed967000 rw-p 00000000 00:00 0 
7fb6ed967000-7fb6ed9af000 rw-p 00000000 00:00 0 
7fb6ed9af000-7fb6ed9d9000 rw-p 00000000 00:00 0 
7fb6ed9d9000-7fb6edc45000 rw-p 00000000 00:00 0 
7fb6edc45000-7fb6edc5a000 rw-p 00000000 00:00 0 
7fb6edc5a000-7fb6edd90000 rw-p 00000000 00:00 0 
7fb6edd90000-7fb6edd9b000 rw-p 00000000 00:00 0 
7fb6edd9b000-7fb6ede51000 rw-p 00000000 00:00 0 
7fb6ede51000-7fb6ede59000 r-xp 00000000 08:05 151603                     /usr/lib/jvm/java-7-openjdk-amd64/jre/lib/amd64/libzip.so
7fb6ede59000-7fb6ee058000 ---p 00008000 08:05 151603                     /usr/lib/jvm/java-7-openjdk-amd64/jre/lib/amd64/libzip.so
7fb6ee058000-7fb6ee059000 r--p 00007000 08:05 151603                     /usr/lib/jvm/java-7-openjdk-amd64/jre/lib/amd64/libzip.so
7fb6ee059000-7fb6ee05a000 rw-p 00008000 08:05 151603                     /usr/lib/jvm/java-7-openjdk-amd64/jre/lib/amd64/libzip.so
7fb6ee05a000-7fb6ee081000 r-xp 00000000 08:05 151585                     /usr/lib/jvm/java-7-openjdk-amd64/jre/lib/amd64/libjava.so
7fb6ee081000-7fb6ee280000 ---p 00027000 08:05 151585                     /usr/lib/jvm/java-7-openjdk-amd64/jre/lib/amd64/libjava.so
7fb6ee280000-7fb6ee281000 r--p 00026000 08:05 151585                     /usr/lib/jvm/java-7-openjdk-amd64/jre/lib/amd64/libjava.so
7fb6ee281000-7fb6ee283000 rw-p 00027000 08:05 151585                     /usr/lib/jvm/java-7-openjdk-amd64/jre/lib/amd64/libjava.so
7fb6ee283000-7fb6ee291000 r-xp 00000000 08:05 151596                     /usr/lib/jvm/java-7-openjdk-amd64/jre/lib/amd64/libverify.so
7fb6ee291000-7fb6ee490000 ---p 0000e000 08:05 151596                     /usr/lib/jvm/java-7-openjdk-amd64/jre/lib/amd64/libverify.so
7fb6ee490000-7fb6ee492000 r--p 0000d000 08:05 151596                     /usr/lib/jvm/java-7-openjdk-amd64/jre/lib/amd64/libverify.so
7fb6ee492000-7fb6ee493000 rw-p 0000f000 08:05 151596                     /usr/lib/jvm/java-7-openjdk-amd64/jre/lib/amd64/libverify.so
7fb6ee493000-7fb6ee49a000 r-xp 00000000 08:05 135304                     /lib/x86_64-linux-gnu/librt-2.15.so
7fb6ee49a000-7fb6ee699000 ---p 00007000 08:05 135304                     /lib/x86_64-linux-gnu/librt-2.15.so
7fb6ee699000-7fb6ee69a000 r--p 00006000 08:05 135304                     /lib/x86_64-linux-gnu/librt-2.15.so
7fb6ee69a000-7fb6ee69b000 rw-p 00007000 08:05 135304                     /lib/x86_64-linux-gnu/librt-2.15.so
7fb6ee69b000-7fb6ee6b0000 r-xp 00000000 08:05 135239                     /lib/x86_64-linux-gnu/libgcc_s.so.1
7fb6ee6b0000-7fb6ee8af000 ---p 00015000 08:05 135239                     /lib/x86_64-linux-gnu/libgcc_s.so.1
7fb6ee8af000-7fb6ee8b0000 r--p 00014000 08:05 135239                     /lib/x86_64-linux-gnu/libgcc_s.so.1
7fb6ee8b0000-7fb6ee8b1000 rw-p 00015000 08:05 135239                     /lib/x86_64-linux-gnu/libgcc_s.so.1
7fb6ee8b1000-7fb6ee9aa000 r-xp 00000000 08:05 135250                     /lib/x86_64-linux-gnu/libm-2.15.so
7fb6ee9aa000-7fb6eeba9000 ---p 000f9000 08:05 135250                     /lib/x86_64-linux-gnu/libm-2.15.so
7fb6eeba9000-7fb6eebaa000 r--p 000f8000 08:05 135250                     /lib/x86_64-linux-gnu/libm-2.15.so
7fb6eebaa000-7fb6eebab000 rw-p 000f9000 08:05 135250                     /lib/x86_64-linux-gnu/libm-2.15.so
7fb6eebab000-7fb6eec8d000 r-xp 00000000 08:05 9707                       /usr/lib/x86_64-linux-gnu/libstdc++.so.6.0.16
7fb6eec8d000-7fb6eee8c000 ---p 000e2000 08:05 9707                       /usr/lib/x86_64-linux-gnu/libstdc++.so.6.0.16
7fb6eee8c000-7fb6eee94000 r--p 000e1000 08:05 9707                       /usr/lib/x86_64-linux-gnu/libstdc++.so.6.0.16
7fb6eee94000-7fb6eee96000 rw-p 000e9000 08:05 9707                       /usr/lib/x86_64-linux-gnu/libstdc++.so.6.0.16
7fb6eee96000-7fb6eeeab000 rw-p 00000000 00:00 0 
7fb6eeeab000-7fb6ef83e000 r-xp 00000000 08:05 151581                     /usr/lib/jvm/java-7-openjdk-amd64/jre/lib/amd64/server/libjvm.so
7fb6ef83e000-7fb6efa3e000 ---p 00993000 08:05 151581                     /usr/lib/jvm/java-7-openjdk-amd64/jre/lib/amd64/server/libjvm.so
7fb6efa3e000-7fb6efab8000 r--p 00993000 08:05 151581                     /usr/lib/jvm/java-7-openjdk-amd64/jre/lib/amd64/server/libjvm.so
7fb6efab8000-7fb6efada000 rw-p 00a0d000 08:05 151581                     /usr/lib/jvm/java-7-openjdk-amd64/jre/lib/amd64/server/libjvm.so
7fb6efada000-7fb6efb05000 rw-p 00000000 00:00 0 
7fb6efb05000-7fb6efb1d000 r-xp 00000000 08:05 135298                     /lib/x86_64-linux-gnu/libpthread-2.15.so
7fb6efb1d000-7fb6efd1c000 ---p 00018000 08:05 135298                     /lib/x86_64-linux-gnu/libpthread-2.15.so
7fb6efd1c000-7fb6efd1d000 r--p 00017000 08:05 135298                     /lib/x86_64-linux-gnu/libpthread-2.15.so
7fb6efd1d000-7fb6efd1e000 rw-p 00018000 08:05 135298                     /lib/x86_64-linux-gnu/libpthread-2.15.so
7fb6efd1e000-7fb6efd22000 rw-p 00000000 00:00 0 
7fb6efd22000-7fb6efd38000 r-xp 00000000 08:05 135329                     /lib/x86_64-linux-gnu/libz.so.1.2.3.4
7fb6efd38000-7fb6eff37000 ---p 00016000 08:05 135329                     /lib/x86_64-linux-gnu/libz.so.1.2.3.4
7fb6eff37000-7fb6eff38000 r--p 00015000 08:05 135329                     /lib/x86_64-linux-gnu/libz.so.1.2.3.4
7fb6eff38000-7fb6eff39000 rw-p 00016000 08:05 135329                     /lib/x86_64-linux-gnu/libz.so.1.2.3.4
7fb6eff39000-7fb6eff3b000 r-xp 00000000 08:05 135231                     /lib/x86_64-linux-gnu/libdl-2.15.so
7fb6eff3b000-7fb6f013b000 ---p 00002000 08:05 135231                     /lib/x86_64-linux-gnu/libdl-2.15.so
7fb6f013b000-7fb6f013c000 r--p 00002000 08:05 135231                     /lib/x86_64-linux-gnu/libdl-2.15.so
7fb6f013c000-7fb6f013d000 rw-p 00003000 08:05 135231                     /lib/x86_64-linux-gnu/libdl-2.15.so
7fb6f013d000-7fb6f02f0000 r-xp 00000000 08:05 135218                     /lib/x86_64-linux-gnu/libc-2.15.so
7fb6f02f0000-7fb6f04ef000 ---p 001b3000 08:05 135218                     /lib/x86_64-linux-gnu/libc-2.15.so
7fb6f04ef000-7fb6f04f3000 r--p 001b2000 08:05 135218                     /lib/x86_64-linux-gnu/libc-2.15.so
7fb6f04f3000-7fb6f04f5000 rw-p 001b6000 08:05 135218                     /lib/x86_64-linux-gnu/libc-2.15.so
7fb6f04f5000-7fb6f04fa000 rw-p 00000000 00:00 0 
7fb6f04fa000-7fb6f0506000 r-xp 00000000 08:05 151587                     /usr/lib/jvm/java-7-openjdk-amd64/jre/lib/amd64/jli/libjli.so
7fb6f0506000-7fb6f0706000 ---p 0000c000 08:05 151587                     /usr/lib/jvm/java-7-openjdk-amd64/jre/lib/amd64/jli/libjli.so
7fb6f0706000-7fb6f0707000 r--p 0000c000 08:05 151587                     /usr/lib/jvm/java-7-openjdk-amd64/jre/lib/amd64/jli/libjli.so
7fb6f0707000-7fb6f0708000 rw-p 0000d000 08:05 151587                     /usr/lib/jvm/java-7-openjdk-amd64/jre/lib/amd64/jli/libjli.so
7fb6f0708000-7fb6f072a000 r-xp 00000000 08:05 135198                     /lib/x86_64-linux-gnu/ld-2.15.so
7fb6f072a000-7fb6f072b000 rw-s 00005000 00:05 13470                      /dev/ati/card0
7fb6f072b000-7fb6f0750000 r--p 00000000 08:05 399186                     /usr/share/locale-langpack/es/LC_MESSAGES/libc.mo
7fb6f0750000-7fb6f075a000 r--s 0038d000 08:05 151518                     /usr/lib/jvm/java-7-openjdk-common/jre/lib/charsets.jar
7fb6f075a000-7fb6f078d000 rw-p 00000000 00:00 0 
7fb6f078d000-7fb6f07d5000 rw-p 00000000 00:00 0 
7fb6f07d5000-7fb6f080a000 r--s 00000000 08:05 655069                     /var/cache/nscd/passwd
7fb6f080a000-7fb6f080d000 ---p 00000000 00:00 0 
7fb6f080d000-7fb6f0910000 rw-p 00000000 00:00 0 
7fb6f0910000-7fb6f091a000 r--s 0038d000 08:05 151518                     /usr/lib/jvm/java-7-openjdk-common/jre/lib/charsets.jar
7fb6f091a000-7fb6f091e000 r--s 000a0000 08:05 151544                     /usr/lib/jvm/java-7-openjdk-common/jre/lib/jsse.jar
7fb6f091e000-7fb6f0926000 rw-s 00000000 08:05 418740                     /tmp/hsperfdata_lcasagrande/31845 (deleted)
7fb6f0926000-7fb6f0927000 rw-p 00000000 00:00 0 
7fb6f0927000-7fb6f0928000 ---p 00000000 00:00 0 
7fb6f0928000-7fb6f092a000 rw-p 00000000 00:00 0 
7fb6f092a000-7fb6f092b000 r--p 00022000 08:05 135198                     /lib/x86_64-linux-gnu/ld-2.15.so
7fb6f092b000-7fb6f092d000 rw-p 00023000 08:05 135198                     /lib/x86_64-linux-gnu/ld-2.15.so
7ffff68ce000-7ffff68ef000 rw-p 00000000 00:00 0                          [stack]
7ffff69ba000-7ffff69bb000 r-xp 00000000 00:00 0                          [vdso]
ffffffffff600000-ffffffffff601000 r-xp 00000000 00:00 0                  [vsyscall]

VM Arguments:
jvm_args: -Dfile.encoding=UTF-8 
java_command: Laucher.DesktopLauncher
Launcher Type: SUN_STANDARD

Environment Variables:
PATH=/usr/lib/lightdm/lightdm:/usr/local/sbin:/usr/local/bin:/usr/sbin:/usr/bin:/sbin:/bin:/usr/games
SHELL=/bin/bash
DISPLAY=:1.0

Signal Handlers:
SIGSEGV: [libjvm.so+0x8065e0], sa_mask[0]=0x7ffbfeff, sa_flags=0x10000004
SIGBUS: [libjvm.so+0x8065e0], sa_mask[0]=0x7ffbfeff, sa_flags=0x10000004
SIGFPE: [libjvm.so+0x6ac6d0], sa_mask[0]=0x7ffbfeff, sa_flags=0x10000004
SIGPIPE: [libjvm.so+0x6ac6d0], sa_mask[0]=0x7ffbfeff, sa_flags=0x10000004
SIGXFSZ: [libjvm.so+0x6ac6d0], sa_mask[0]=0x7ffbfeff, sa_flags=0x10000004
SIGILL: [libjvm.so+0x6ac6d0], sa_mask[0]=0x7ffbfeff, sa_flags=0x10000004
SIGUSR1: SIG_DFL, sa_mask[0]=0x00000000, sa_flags=0x00000000
SIGUSR2: [libjvm.so+0x6acaa0], sa_mask[0]=0x00000004, sa_flags=0x10000004
SIGHUP: [libjvm.so+0x6acbe0], sa_mask[0]=0x7ffbfeff, sa_flags=0x10000004
SIGINT: [libjvm.so+0x6acbe0], sa_mask[0]=0x7ffbfeff, sa_flags=0x10000004
SIGTERM: [libjvm.so+0x6acbe0], sa_mask[0]=0x7ffbfeff, sa_flags=0x10000004
SIGQUIT: [libjvm.so+0x6acbe0], sa_mask[0]=0x7ffbfeff, sa_flags=0x10000004


---------------  S Y S T E M  ---------------

OS:Ubuntu 12.04 (precise)
uname:Linux 3.2.0-27-generic #43-Ubuntu SMP Fri Jul 6 14:25:57 UTC 2012 x86_64
libc:glibc 2.15 NPTL 2.15 
rlimit: STACK 8192k, CORE 0k, NPROC 63405, NOFILE 4096, AS infinity
load average:1,17 1,60 1,23

/proc/meminfo:
MemTotal:        8133532 kB
MemFree:         4005508 kB
Buffers:          231520 kB
Cached:          1433496 kB
SwapCached:            0 kB
Active:          2462912 kB
Inactive:        1049796 kB
Active(anon):    1848652 kB
Inactive(anon):    19868 kB
Active(file):     614260 kB
Inactive(file):  1029928 kB
Unevictable:           0 kB
Mlocked:               0 kB
SwapTotal:       1952764 kB
SwapFree:        1952764 kB
Dirty:             23712 kB
Writeback:             0 kB
AnonPages:       1846772 kB
Mapped:           308720 kB
Shmem:             20836 kB
Slab:             197024 kB
SReclaimable:     147512 kB
SUnreclaim:        49512 kB
KernelStack:        5784 kB
PageTables:        52600 kB
NFS_Unstable:          0 kB
Bounce:                0 kB
WritebackTmp:          0 kB
CommitLimit:     6019528 kB
Committed_AS:    6036188 kB
VmallocTotal:   34359738367 kB
VmallocUsed:      119056 kB
VmallocChunk:   34359616864 kB
HardwareCorrupted:     0 kB
AnonHugePages:         0 kB
HugePages_Total:       0
HugePages_Free:        0
HugePages_Rsvd:        0
HugePages_Surp:        0
Hugepagesize:       2048 kB
DirectMap4k:      905216 kB
DirectMap2M:     7442432 kB


CPU:total 8 (4 cores per cpu, 2 threads per core) family 6 model 42 stepping 7, cmov, cx8, fxsr, mmx, sse, sse2, sse3, ssse3, sse4.1, sse4.2, popcnt, ht

/proc/cpuinfo:
processor	: 0
vendor_id	: GenuineIntel
cpu family	: 6
model		: 42
model name	: Intel(R) Core(TM) i7-2600 CPU @ 3.40GHz
stepping	: 7
microcode	: 0x25
cpu MHz		: 1600.000
cache size	: 8192 KB
physical id	: 0
siblings	: 8
core id		: 0
cpu cores	: 4
apicid		: 0
initial apicid	: 0
fpu		: yes
fpu_exception	: yes
cpuid level	: 13
wp		: yes
flags		: fpu vme de pse tsc msr pae mce cx8 apic sep mtrr pge mca cmov pat pse36 clflush dts acpi mmx fxsr sse sse2 ss ht tm pbe syscall nx rdtscp lm constant_tsc arch_perfmon pebs bts rep_good nopl xtopology nonstop_tsc aperfmperf pni pclmulqdq dtes64 monitor ds_cpl vmx smx est tm2 ssse3 cx16 xtpr pdcm pcid sse4_1 sse4_2 x2apic popcnt tsc_deadline_timer aes xsave avx lahf_lm ida arat epb xsaveopt pln pts dts tpr_shadow vnmi flexpriority ept vpid
bogomips	: 6784.47
clflush size	: 64
cache_alignment	: 64
address sizes	: 36 bits physical, 48 bits virtual
power management:

processor	: 1
vendor_id	: GenuineIntel
cpu family	: 6
model		: 42
model name	: Intel(R) Core(TM) i7-2600 CPU @ 3.40GHz
stepping	: 7
microcode	: 0x25
cpu MHz		: 1600.000
cache size	: 8192 KB
physical id	: 0
siblings	: 8
core id		: 1
cpu cores	: 4
apicid		: 2
initial apicid	: 2
fpu		: yes
fpu_exception	: yes
cpuid level	: 13
wp		: yes
flags		: fpu vme de pse tsc msr pae mce cx8 apic sep mtrr pge mca cmov pat pse36 clflush dts acpi mmx fxsr sse sse2 ss ht tm pbe syscall nx rdtscp lm constant_tsc arch_perfmon pebs bts rep_good nopl xtopology nonstop_tsc aperfmperf pni pclmulqdq dtes64 monitor ds_cpl vmx smx est tm2 ssse3 cx16 xtpr pdcm pcid sse4_1 sse4_2 x2apic popcnt tsc_deadline_timer aes xsave avx lahf_lm ida arat epb xsaveopt pln pts dts tpr_shadow vnmi flexpriority ept vpid
bogomips	: 6784.54
clflush size	: 64
cache_alignment	: 64
address sizes	: 36 bits physical, 48 bits virtual
power management:

processor	: 2
vendor_id	: GenuineIntel
cpu family	: 6
model		: 42
model name	: Intel(R) Core(TM) i7-2600 CPU @ 3.40GHz
stepping	: 7
microcode	: 0x25
cpu MHz		: 1600.000
cache size	: 8192 KB
physical id	: 0
siblings	: 8
core id		: 2
cpu cores	: 4
apicid		: 4
initial apicid	: 4
fpu		: yes
fpu_exception	: yes
cpuid level	: 13
wp		: yes
flags		: fpu vme de pse tsc msr pae mce cx8 apic sep mtrr pge mca cmov pat pse36 clflush dts acpi mmx fxsr sse sse2 ss ht tm pbe syscall nx rdtscp lm constant_tsc arch_perfmon pebs bts rep_good nopl xtopology nonstop_tsc aperfmperf pni pclmulqdq dtes64 monitor ds_cpl vmx smx est tm2 ssse3 cx16 xtpr pdcm pcid sse4_1 sse4_2 x2apic popcnt tsc_deadline_timer aes xsave avx lahf_lm ida arat epb xsaveopt pln pts dts tpr_shadow vnmi flexpriority ept vpid
bogomips	: 6784.53
clflush size	: 64
cache_alignment	: 64
address sizes	: 36 bits physical, 48 bits virtual
power management:

processor	: 3
vendor_id	: GenuineIntel
cpu family	: 6
model		: 42
model name	: Intel(R) Core(TM) i7-2600 CPU @ 3.40GHz
stepping	: 7
microcode	: 0x25
cpu MHz		: 1600.000
cache size	: 8192 KB
physical id	: 0
siblings	: 8
core id		: 3
cpu cores	: 4
apicid		: 6
initial apicid	: 6
fpu		: yes
fpu_exception	: yes
cpuid level	: 13
wp		: yes
flags		: fpu vme de pse tsc msr pae mce cx8 apic sep mtrr pge mca cmov pat pse36 clflush dts acpi mmx fxsr sse sse2 ss ht tm pbe syscall nx rdtscp lm constant_tsc arch_perfmon pebs bts rep_good nopl xtopology nonstop_tsc aperfmperf pni pclmulqdq dtes64 monitor ds_cpl vmx smx est tm2 ssse3 cx16 xtpr pdcm pcid sse4_1 sse4_2 x2apic popcnt tsc_deadline_timer aes xsave avx lahf_lm ida arat epb xsaveopt pln pts dts tpr_shadow vnmi flexpriority ept vpid
bogomips	: 6784.53
clflush size	: 64
cache_alignment	: 64
address sizes	: 36 bits physical, 48 bits virtual
power management:

processor	: 4
vendor_id	: GenuineIntel
cpu family	: 6
model		: 42
model name	: Intel(R) Core(TM) i7-2600 CPU @ 3.40GHz
stepping	: 7
microcode	: 0x25
cpu MHz		: 1600.000
cache size	: 8192 KB
physical id	: 0
siblings	: 8
core id		: 0
cpu cores	: 4
apicid		: 1
initial apicid	: 1
fpu		: yes
fpu_exception	: yes
cpuid level	: 13
wp		: yes
flags		: fpu vme de pse tsc msr pae mce cx8 apic sep mtrr pge mca cmov pat pse36 clflush dts acpi mmx fxsr sse sse2 ss ht tm pbe syscall nx rdtscp lm constant_tsc arch_perfmon pebs bts rep_good nopl xtopology nonstop_tsc aperfmperf pni pclmulqdq dtes64 monitor ds_cpl vmx smx est tm2 ssse3 cx16 xtpr pdcm pcid sse4_1 sse4_2 x2apic popcnt tsc_deadline_timer aes xsave avx lahf_lm ida arat epb xsaveopt pln pts dts tpr_shadow vnmi flexpriority ept vpid
bogomips	: 6784.52
clflush size	: 64
cache_alignment	: 64
address sizes	: 36 bits physical, 48 bits virtual
power management:

processor	: 5
vendor_id	: GenuineIntel
cpu family	: 6
model		: 42
model name	: Intel(R) Core(TM) i7-2600 CPU @ 3.40GHz
stepping	: 7
microcode	: 0x25
cpu MHz		: 1600.000
cache size	: 8192 KB
physical id	: 0
siblings	: 8
core id		: 1
cpu cores	: 4
apicid		: 3
initial apicid	: 3
fpu		: yes
fpu_exception	: yes
cpuid level	: 13
wp		: yes
flags		: fpu vme de pse tsc msr pae mce cx8 apic sep mtrr pge mca cmov pat pse36 clflush dts acpi mmx fxsr sse sse2 ss ht tm pbe syscall nx rdtscp lm constant_tsc arch_perfmon pebs bts rep_good nopl xtopology nonstop_tsc aperfmperf pni pclmulqdq dtes64 monitor ds_cpl vmx smx est tm2 ssse3 cx16 xtpr pdcm pcid sse4_1 sse4_2 x2apic popcnt tsc_deadline_timer aes xsave avx lahf_lm ida arat epb xsaveopt pln pts dts tpr_shadow vnmi flexpriority ept vpid
bogomips	: 6784.54
clflush size	: 64
cache_alignment	: 64
address sizes	: 36 bits physical, 48 bits virtual
power management:

processor	: 6
vendor_id	: GenuineIntel
cpu family	: 6
model		: 42
model name	: Intel(R) Core(TM) i7-2600 CPU @ 3.40GHz
stepping	: 7
microcode	: 0x25
cpu MHz		: 1600.000
cache size	: 8192 KB
physical id	: 0
siblings	: 8
core id		: 2
cpu cores	: 4
apicid		: 5
initial apicid	: 5
fpu		: yes
fpu_exception	: yes
cpuid level	: 13
wp		: yes
flags		: fpu vme de pse tsc msr pae mce cx8 apic sep mtrr pge mca cmov pat pse36 clflush dts acpi mmx fxsr sse sse2 ss ht tm pbe syscall nx rdtscp lm constant_tsc arch_perfmon pebs bts rep_good nopl xtopology nonstop_tsc aperfmperf pni pclmulqdq dtes64 monitor ds_cpl vmx smx est tm2 ssse3 cx16 xtpr pdcm pcid sse4_1 sse4_2 x2apic popcnt tsc_deadline_timer aes xsave avx lahf_lm ida arat epb xsaveopt pln pts dts tpr_shadow vnmi flexpriority ept vpid
bogomips	: 6784.54
clflush size	: 64
cache_alignment	: 64
address sizes	: 36 bits physical, 48 bits virtual
power management:

processor	: 7
vendor_id	: GenuineIntel
cpu family	: 6
model		: 42
model name	: Intel(R) Core(TM) i7-2600 CPU @ 3.40GHz
stepping	: 7
microcode	: 0x25
cpu MHz		: 1600.000
cache size	: 8192 KB
physical id	: 0
siblings	: 8
core id		: 3
cpu cores	: 4
apicid		: 7
initial apicid	: 7
fpu		: yes
fpu_exception	: yes
cpuid level	: 13
wp		: yes
flags		: fpu vme de pse tsc msr pae mce cx8 apic sep mtrr pge mca cmov pat pse36 clflush dts acpi mmx fxsr sse sse2 ss ht tm pbe syscall nx rdtscp lm constant_tsc arch_perfmon pebs bts rep_good nopl xtopology nonstop_tsc aperfmperf pni pclmulqdq dtes64 monitor ds_cpl vmx smx est tm2 ssse3 cx16 xtpr pdcm pcid sse4_1 sse4_2 x2apic popcnt tsc_deadline_timer aes xsave avx lahf_lm ida arat epb xsaveopt pln pts dts tpr_shadow vnmi flexpriority ept vpid
bogomips	: 6784.53
clflush size	: 64
cache_alignment	: 64
address sizes	: 36 bits physical, 48 bits virtual
power management:



Memory: 4k page, physical 8133532k(4005508k free), swap 1952764k(1952764k free)

vm_info: OpenJDK 64-Bit Server VM (22.0-b10) for linux-amd64 JRE (1.7.0_03-b147), built on May  2 2012 16:57:58 by "buildd" with gcc 4.6.3

time: Mon Nov 10 18:56:24 2014
elapsed time: 1 seconds

